[Sun Aug 24 20:27:17 EDT 2025][INFO] ==================== COMPILE TASK ====================
[Sun Aug 24 20:27:18 EDT 2025][INFO] We will now compile your code for x86_64-microsoft-windows. This may take some time.
[Sun Aug 24 20:27:18 EDT 2025][FINE] Extracting native libs to: C:\Users\Lucas\Desktop\CNC12DirectoryRenamer\target\gluonfx\x86_64-windows\gvm\lib
[Sun Aug 24 20:27:18 EDT 2025][FINE] Extracting native libs from jar: C:\Users\Lucas\.gluon\substrate\javafxStaticSdk\21-ea+11.2\windows-x86_64\sdk\lib\javafx.base.jar
[Sun Aug 24 20:27:18 EDT 2025][FINE] Extracting native libs from jar: C:\Users\Lucas\.gluon\substrate\javafxStaticSdk\21-ea+11.2\windows-x86_64\sdk\lib\javafx.controls.jar
[Sun Aug 24 20:27:18 EDT 2025][FINE] Extracting native libs from jar: C:\Users\Lucas\.gluon\substrate\javafxStaticSdk\21-ea+11.2\windows-x86_64\sdk\lib\javafx.graphics.jar
[Sun Aug 24 20:27:18 EDT 2025][FINE] Looking for resource: /native/windows/launcher.c
[Sun Aug 24 20:27:18 EDT 2025][FINE] PB Command for compile-additional-sources: cl -c -DSUBSTRATE /MD /D_UNICODE /DUNICODE /DWIN32 /D_WINDOWS -IC:\Users\Lucas\Desktop\CNC12DirectoryRenamer\target\gluonfx\x86_64-windows\gvm\cnc12directoryrenamer launcher.c
[Sun Aug 24 20:27:18 EDT 2025][FINE] Start process compile-additional-sources...
[Sun Aug 24 20:27:18 EDT 2025][FINE] [SUB] Microsoft (R) C/C++ Optimizing Compiler Version 19.44.35215 for x64
[Sun Aug 24 20:27:18 EDT 2025][FINE] [SUB] Copyright (C) Microsoft Corporation.  All rights reserved.
[Sun Aug 24 20:27:18 EDT 2025][FINE] [SUB] 
[Sun Aug 24 20:27:18 EDT 2025][FINE] [SUB] launcher.c
[Sun Aug 24 20:27:18 EDT 2025][FINE] Result for compile-additional-sources: 0
[Sun Aug 24 20:27:18 EDT 2025][FINE] Copied resource C:\Users\Lucas\Desktop\CNC12DirectoryRenamer\target\classes\com\frogman650\App.class to C:\Users\Lucas\AppData\Local\Temp\classes12421148471695585803\com\frogman650\App.class
[Sun Aug 24 20:27:18 EDT 2025][FINE] Copied resource C:\Users\Lucas\Desktop\CNC12DirectoryRenamer\target\classes\com\frogman650\LK_logo.png to C:\Users\Lucas\AppData\Local\Temp\classes12421148471695585803\com\frogman650\LK_logo.png
[Sun Aug 24 20:27:18 EDT 2025][FINE] Copied resource C:\Users\Lucas\Desktop\CNC12DirectoryRenamer\target\classes\META-INF\native-image\filter-file.json to C:\Users\Lucas\AppData\Local\Temp\classes12421148471695585803\META-INF\native-image\filter-file.json
[Sun Aug 24 20:27:18 EDT 2025][FINE] Copied resource C:\Users\Lucas\Desktop\CNC12DirectoryRenamer\target\classes\META-INF\native-image\jni-config.json to C:\Users\Lucas\AppData\Local\Temp\classes12421148471695585803\META-INF\native-image\jni-config.json
[Sun Aug 24 20:27:18 EDT 2025][FINE] Copied resource C:\Users\Lucas\Desktop\CNC12DirectoryRenamer\target\classes\META-INF\native-image\predefined-classes-config.json to C:\Users\Lucas\AppData\Local\Temp\classes12421148471695585803\META-INF\native-image\predefined-classes-config.json
[Sun Aug 24 20:27:18 EDT 2025][FINE] Copied resource C:\Users\Lucas\Desktop\CNC12DirectoryRenamer\target\classes\META-INF\native-image\proxy-config.json to C:\Users\Lucas\AppData\Local\Temp\classes12421148471695585803\META-INF\native-image\proxy-config.json
[Sun Aug 24 20:27:18 EDT 2025][FINE] Copied resource C:\Users\Lucas\Desktop\CNC12DirectoryRenamer\target\classes\META-INF\native-image\reflect-config.json to C:\Users\Lucas\AppData\Local\Temp\classes12421148471695585803\META-INF\native-image\reflect-config.json
[Sun Aug 24 20:27:18 EDT 2025][FINE] Copied resource C:\Users\Lucas\Desktop\CNC12DirectoryRenamer\target\classes\META-INF\native-image\resource-config.json to C:\Users\Lucas\AppData\Local\Temp\classes12421148471695585803\META-INF\native-image\resource-config.json
[Sun Aug 24 20:27:18 EDT 2025][FINE] Copied resource C:\Users\Lucas\Desktop\CNC12DirectoryRenamer\target\classes\META-INF\native-image\serialization-config.json to C:\Users\Lucas\AppData\Local\Temp\classes12421148471695585803\META-INF\native-image\serialization-config.json
[Sun Aug 24 20:27:18 EDT 2025][FINE] PB Command for jar: C:\graalvm-svm-java17-windows-gluon-22.1.0.1-Final\graalvm-svm-java17-windows-gluon-22.1.0.1-Final\bin\jar.exe cf C:\Users\Lucas\AppData\Local\Temp\classes12421148471695585803\classes.jar -C C:\Users\Lucas\AppData\Local\Temp\classes12421148471695585803 .
[Sun Aug 24 20:27:18 EDT 2025][FINE] Start process jar...
[Sun Aug 24 20:27:19 EDT 2025][FINE] Result for jar: 0
[Sun Aug 24 20:27:19 EDT 2025][FINE] Scanning for init build time files
[Sun Aug 24 20:27:19 EDT 2025][FINE] Scanning C:\Users\Lucas\.gluon\substrate\javafxStaticSdk\21-ea+11.2\windows-x86_64\sdk\lib\javafx.base.jar
[Sun Aug 24 20:27:19 EDT 2025][FINE] Scanning C:\Users\Lucas\.gluon\substrate\javafxStaticSdk\21-ea+11.2\windows-x86_64\sdk\lib\javafx.controls.jar
[Sun Aug 24 20:27:19 EDT 2025][FINE] Scanning C:\Users\Lucas\.gluon\substrate\javafxStaticSdk\21-ea+11.2\windows-x86_64\sdk\lib\javafx.graphics.jar
[Sun Aug 24 20:27:19 EDT 2025][FINE] Scanning C:\Users\Lucas\AppData\Local\Temp\classes12421148471695585803\classes.jar
[Sun Aug 24 20:27:19 EDT 2025][FINE] Scanning for reflection files
[Sun Aug 24 20:27:19 EDT 2025][FINE] Scanning C:\Users\Lucas\.gluon\substrate\javafxStaticSdk\21-ea+11.2\windows-x86_64\sdk\lib\javafx.base.jar
[Sun Aug 24 20:27:19 EDT 2025][FINE] Adding classes from C:\Users\Lucas\.gluon\substrate\javafxStaticSdk\21-ea+11.2\windows-x86_64\sdk\lib\javafx.base.jar::META-INF/substrate/config/reflectionconfig.json
[Sun Aug 24 20:27:19 EDT 2025][FINE] Scanning C:\Users\Lucas\.gluon\substrate\javafxStaticSdk\21-ea+11.2\windows-x86_64\sdk\lib\javafx.controls.jar
[Sun Aug 24 20:27:19 EDT 2025][FINE] Adding classes from C:\Users\Lucas\.gluon\substrate\javafxStaticSdk\21-ea+11.2\windows-x86_64\sdk\lib\javafx.controls.jar::META-INF/substrate/config/reflectionconfig.json
[Sun Aug 24 20:27:19 EDT 2025][FINE] Scanning C:\Users\Lucas\.gluon\substrate\javafxStaticSdk\21-ea+11.2\windows-x86_64\sdk\lib\javafx.graphics.jar
[Sun Aug 24 20:27:19 EDT 2025][FINE] Adding classes from C:\Users\Lucas\.gluon\substrate\javafxStaticSdk\21-ea+11.2\windows-x86_64\sdk\lib\javafx.graphics.jar::META-INF/substrate/config/reflectionconfig-x86_64-windows.json
[Sun Aug 24 20:27:19 EDT 2025][FINE] Adding classes from C:\Users\Lucas\.gluon\substrate\javafxStaticSdk\21-ea+11.2\windows-x86_64\sdk\lib\javafx.graphics.jar::META-INF/substrate/config/reflectionconfig.json
[Sun Aug 24 20:27:19 EDT 2025][FINE] Scanning C:\Users\Lucas\AppData\Local\Temp\classes12421148471695585803\classes.jar
[Sun Aug 24 20:27:19 EDT 2025][FINE] Scanning for JNI files
[Sun Aug 24 20:27:19 EDT 2025][FINE] Scanning C:\Users\Lucas\.gluon\substrate\javafxStaticSdk\21-ea+11.2\windows-x86_64\sdk\lib\javafx.base.jar
[Sun Aug 24 20:27:19 EDT 2025][FINE] Scanning C:\Users\Lucas\.gluon\substrate\javafxStaticSdk\21-ea+11.2\windows-x86_64\sdk\lib\javafx.controls.jar
[Sun Aug 24 20:27:19 EDT 2025][FINE] Scanning C:\Users\Lucas\.gluon\substrate\javafxStaticSdk\21-ea+11.2\windows-x86_64\sdk\lib\javafx.graphics.jar
[Sun Aug 24 20:27:19 EDT 2025][FINE] Adding classes from C:\Users\Lucas\.gluon\substrate\javafxStaticSdk\21-ea+11.2\windows-x86_64\sdk\lib\javafx.graphics.jar::META-INF/substrate/config/jniconfig-x86_64-windows.json
[Sun Aug 24 20:27:19 EDT 2025][FINE] Adding classes from C:\Users\Lucas\.gluon\substrate\javafxStaticSdk\21-ea+11.2\windows-x86_64\sdk\lib\javafx.graphics.jar::META-INF/substrate/config/jniconfig.json
[Sun Aug 24 20:27:19 EDT 2025][FINE] Scanning C:\Users\Lucas\AppData\Local\Temp\classes12421148471695585803\classes.jar
[Sun Aug 24 20:27:19 EDT 2025][FINE] Scanning for resource files
[Sun Aug 24 20:27:19 EDT 2025][FINE] Scanning C:\Users\Lucas\.gluon\substrate\javafxStaticSdk\21-ea+11.2\windows-x86_64\sdk\lib\javafx.base.jar
[Sun Aug 24 20:27:19 EDT 2025][FINE] Scanning C:\Users\Lucas\.gluon\substrate\javafxStaticSdk\21-ea+11.2\windows-x86_64\sdk\lib\javafx.controls.jar
[Sun Aug 24 20:27:19 EDT 2025][FINE] Scanning C:\Users\Lucas\.gluon\substrate\javafxStaticSdk\21-ea+11.2\windows-x86_64\sdk\lib\javafx.graphics.jar
[Sun Aug 24 20:27:19 EDT 2025][FINE] Scanning C:\Users\Lucas\AppData\Local\Temp\classes12421148471695585803\classes.jar
[Sun Aug 24 20:27:19 EDT 2025][FINE] Copied resource C:\Users\Lucas\Desktop\CNC12DirectoryRenamer\target\classes\com\frogman650\App.class to C:\Users\Lucas\AppData\Local\Temp\classes12146732929203761644\com\frogman650\App.class
[Sun Aug 24 20:27:19 EDT 2025][FINE] Copied resource C:\Users\Lucas\Desktop\CNC12DirectoryRenamer\target\classes\com\frogman650\LK_logo.png to C:\Users\Lucas\AppData\Local\Temp\classes12146732929203761644\com\frogman650\LK_logo.png
[Sun Aug 24 20:27:19 EDT 2025][FINE] Copied resource C:\Users\Lucas\Desktop\CNC12DirectoryRenamer\target\classes\META-INF\native-image\filter-file.json to C:\Users\Lucas\AppData\Local\Temp\classes12146732929203761644\META-INF\native-image\filter-file.json
[Sun Aug 24 20:27:19 EDT 2025][FINE] Copied resource C:\Users\Lucas\Desktop\CNC12DirectoryRenamer\target\classes\META-INF\native-image\jni-config.json to C:\Users\Lucas\AppData\Local\Temp\classes12146732929203761644\META-INF\native-image\jni-config.json
[Sun Aug 24 20:27:19 EDT 2025][FINE] Copied resource C:\Users\Lucas\Desktop\CNC12DirectoryRenamer\target\classes\META-INF\native-image\predefined-classes-config.json to C:\Users\Lucas\AppData\Local\Temp\classes12146732929203761644\META-INF\native-image\predefined-classes-config.json
[Sun Aug 24 20:27:19 EDT 2025][FINE] Copied resource C:\Users\Lucas\Desktop\CNC12DirectoryRenamer\target\classes\META-INF\native-image\proxy-config.json to C:\Users\Lucas\AppData\Local\Temp\classes12146732929203761644\META-INF\native-image\proxy-config.json
[Sun Aug 24 20:27:19 EDT 2025][FINE] Copied resource C:\Users\Lucas\Desktop\CNC12DirectoryRenamer\target\classes\META-INF\native-image\reflect-config.json to C:\Users\Lucas\AppData\Local\Temp\classes12146732929203761644\META-INF\native-image\reflect-config.json
[Sun Aug 24 20:27:19 EDT 2025][FINE] Copied resource C:\Users\Lucas\Desktop\CNC12DirectoryRenamer\target\classes\META-INF\native-image\resource-config.json to C:\Users\Lucas\AppData\Local\Temp\classes12146732929203761644\META-INF\native-image\resource-config.json
[Sun Aug 24 20:27:19 EDT 2025][FINE] Copied resource C:\Users\Lucas\Desktop\CNC12DirectoryRenamer\target\classes\META-INF\native-image\serialization-config.json to C:\Users\Lucas\AppData\Local\Temp\classes12146732929203761644\META-INF\native-image\serialization-config.json
[Sun Aug 24 20:27:19 EDT 2025][FINE] PB Command for jar: C:\graalvm-svm-java17-windows-gluon-22.1.0.1-Final\graalvm-svm-java17-windows-gluon-22.1.0.1-Final\bin\jar.exe cf C:\Users\Lucas\AppData\Local\Temp\classes12146732929203761644\classes.jar -C C:\Users\Lucas\AppData\Local\Temp\classes12146732929203761644 .
[Sun Aug 24 20:27:19 EDT 2025][FINE] Start process jar...
[Sun Aug 24 20:27:19 EDT 2025][FINE] Result for jar: 0
[Sun Aug 24 20:27:19 EDT 2025][FINE] Scanning for resource bundles
[Sun Aug 24 20:27:19 EDT 2025][FINE] Scanning C:\Users\Lucas\.gluon\substrate\javafxStaticSdk\21-ea+11.2\windows-x86_64\sdk\lib\javafx.base.jar
[Sun Aug 24 20:27:19 EDT 2025][FINE] Scanning C:\Users\Lucas\.gluon\substrate\javafxStaticSdk\21-ea+11.2\windows-x86_64\sdk\lib\javafx.controls.jar
[Sun Aug 24 20:27:19 EDT 2025][FINE] Adding classes from C:\Users\Lucas\.gluon\substrate\javafxStaticSdk\21-ea+11.2\windows-x86_64\sdk\lib\javafx.controls.jar::META-INF/substrate/config/resourcebundles
[Sun Aug 24 20:27:19 EDT 2025][FINE] Scanning C:\Users\Lucas\.gluon\substrate\javafxStaticSdk\21-ea+11.2\windows-x86_64\sdk\lib\javafx.graphics.jar
[Sun Aug 24 20:27:19 EDT 2025][FINE] Adding classes from C:\Users\Lucas\.gluon\substrate\javafxStaticSdk\21-ea+11.2\windows-x86_64\sdk\lib\javafx.graphics.jar::META-INF/substrate/config/resourcebundles
[Sun Aug 24 20:27:19 EDT 2025][FINE] Adding classes from C:\Users\Lucas\.gluon\substrate\javafxStaticSdk\21-ea+11.2\windows-x86_64\sdk\lib\javafx.graphics.jar::META-INF/substrate/config/resourcebundles-x86_64-windows
[Sun Aug 24 20:27:19 EDT 2025][FINE] Scanning C:\Users\Lucas\AppData\Local\Temp\classes12146732929203761644\classes.jar
[Sun Aug 24 20:27:19 EDT 2025][FINE] Copied resource C:\Users\Lucas\.gluon\substrate\javafxStaticSdk\21-ea+11.2\windows-x86_64\sdk\lib\javafx.base.jar to C:\Users\Lucas\Desktop\CNC12DirectoryRenamer\target\gluonfx\x86_64-windows\gvm\tmp\deps\javafx.base.jar
[Sun Aug 24 20:27:19 EDT 2025][FINE] Copied resource C:\Users\Lucas\.gluon\substrate\javafxStaticSdk\21-ea+11.2\windows-x86_64\sdk\lib\javafx.controls.jar to C:\Users\Lucas\Desktop\CNC12DirectoryRenamer\target\gluonfx\x86_64-windows\gvm\tmp\deps\javafx.controls.jar
[Sun Aug 24 20:27:19 EDT 2025][FINE] Copied resource C:\Users\Lucas\.gluon\substrate\javafxStaticSdk\21-ea+11.2\windows-x86_64\sdk\lib\javafx.graphics.jar to C:\Users\Lucas\Desktop\CNC12DirectoryRenamer\target\gluonfx\x86_64-windows\gvm\tmp\deps\javafx.graphics.jar
[Sun Aug 24 20:27:19 EDT 2025][FINE] Class-Path manifest entry for pathing jar: ..\..\..\..\classes deps\javafx.base.jar deps\javafx.controls.jar deps\javafx.graphics.jar
[Sun Aug 24 20:27:19 EDT 2025][FINE] Pathing jar created at C:\Users\Lucas\Desktop\CNC12DirectoryRenamer\target\gluonfx\x86_64-windows\gvm\tmp\classpathJar.jar
[Sun Aug 24 20:27:19 EDT 2025][FINE] PB Command for compile: C:\graalvm-svm-java17-windows-gluon-22.1.0.1-Final\graalvm-svm-java17-windows-gluon-22.1.0.1-Final\bin\native-image.cmd "-Djdk.internal.lambda.eagerlyInitialize=false" --no-server -H:+SharedLibrary -H:+AddAllCharsets -H:+ReportExceptionStackTraces -H:-DeadlockWatchdogExitOnTimeout "-H:DeadlockWatchdogInterval=0" -H:+RemoveSaturatedTypeFlows -H:+ExitAfterRelocatableImageWrite "--features=org.graalvm.home.HomeFinderFeature" "-H:TempDirectory=C:\Users\Lucas\Desktop\CNC12DirectoryRenamer\target\gluonfx\x86_64-windows\gvm\tmp" "-H:EnableURLProtocols=http,https" "-H:ReflectionConfigurationFiles=C:\Users\Lucas\Desktop\CNC12DirectoryRenamer\target\gluonfx\x86_64-windows\gvm\reflectionconfig-x86_64-windows.json" "-H:JNIConfigurationFiles=C:\Users\Lucas\Desktop\CNC12DirectoryRenamer\target\gluonfx\x86_64-windows\gvm\jniconfig-x86_64-windows.json" "-H:ResourceConfigurationFiles=C:\Users\Lucas\Desktop\CNC12DirectoryRenamer\target\gluonfx\x86_64-windows\gvm\resourceconfig-x86_64-windows.json" "-H:IncludeResourceBundles=com/sun/javafx/scene/control/skin/resources/controls,com/sun/javafx/scene/control/skin/resources/controls-nt,com.sun.javafx.tk.quantum.QuantumMessagesBundle,com/sun/glass/ui/win/themes" "-Dsvm.platform=org.graalvm.nativeimage.Platform$WINDOWS_AMD64" -cp "C:\Users\Lucas\.m2\repository\com\gluonhq\substrate\0.0.67\substrate-0.0.67.jar;C:\Users\Lucas\Desktop\CNC12DirectoryRenamer\target\gluonfx\x86_64-windows\gvm\tmp\classpathJar.jar" com.frogman650.App
[Sun Aug 24 20:27:19 EDT 2025][FINE] Start process compile...
[Sun Aug 24 20:27:20 EDT 2025][INFO] [SUB] Warning: Ignoring server-mode native-image argument --no-server.
[Sun Aug 24 20:27:23 EDT 2025][INFO] [SUB] ========================================================================================================================
[Sun Aug 24 20:27:23 EDT 2025][INFO] [SUB] GraalVM Native Image: Generating 'com.frogman650.app' (shared library)...
[Sun Aug 24 20:27:23 EDT 2025][INFO] [SUB] ========================================================================================================================
[Sun Aug 24 20:27:38 EDT 2025][INFO] [SUB] [1/7] Initializing...                                                                                   (17.1s @ 0.15GB)
[Sun Aug 24 20:27:38 EDT 2025][INFO] [SUB]  Version info: 'GraalVM 22.1.0.1 Java 17 CE'
[Sun Aug 24 20:27:38 EDT 2025][INFO] [SUB]  C compiler: cl.exe (microsoft, x64, 19.44.35215)
[Sun Aug 24 20:27:38 EDT 2025][INFO] [SUB]  Garbage collector: Serial GC
[Sun Aug 24 20:28:13 EDT 2025][INFO] [SUB] [2/7] Performing analysis...  [**************]                                                          (35.0s @ 3.78GB)
[Sun Aug 24 20:28:13 EDT 2025][INFO] [SUB]   11,437 (90.25%) of 12,672 classes reachable
[Sun Aug 24 20:28:13 EDT 2025][INFO] [SUB]   20,350 (66.19%) of 30,745 fields reachable
[Sun Aug 24 20:28:13 EDT 2025][INFO] [SUB]   56,503 (63.23%) of 89,365 methods reachable
[Sun Aug 24 20:28:13 EDT 2025][INFO] [SUB]      655 classes,   109 fields, and 1,959 methods registered for reflection
[Sun Aug 24 20:28:13 EDT 2025][INFO] [SUB]      137 classes,   152 fields, and   208 methods registered for JNI access
[Sun Aug 24 20:28:16 EDT 2025][INFO] [SUB] [3/7] Building universe...                                                                               (3.1s @ 1.89GB)
[Sun Aug 24 20:28:18 EDT 2025][INFO] [SUB] [4/7] Parsing methods...      [*]                                                                        (1.5s @ 3.04GB)
[Sun Aug 24 20:28:22 EDT 2025][INFO] [SUB] [5/7] Inlining methods...     [****]                                                                     (3.8s @ 3.40GB)
[Sun Aug 24 20:28:42 EDT 2025][INFO] [SUB] [6/7] Compiling methods...    [****]                                                                    (20.1s @ 1.87GB)
[Sun Aug 24 20:28:48 EDT 2025][INFO] [SUB] 
[Sun Aug 24 20:28:48 EDT 2025][INFO] [SUB] ------------------------------------------------------------------------------------------------------------------------
[Sun Aug 24 20:28:48 EDT 2025][INFO] [SUB]                         6.4s (7.3% of total time) in 35 GCs | Peak RSS: 6.59GB | CPU load: 4.90
[Sun Aug 24 20:28:48 EDT 2025][INFO] [SUB] ------------------------------------------------------------------------------------------------------------------------
[Sun Aug 24 20:28:48 EDT 2025][INFO] [SUB] Produced artifacts:
[Sun Aug 24 20:28:48 EDT 2025][INFO] [SUB]  C:\Users\Lucas\Desktop\CNC12DirectoryRenamer\target\gluonfx\x86_64-windows\gvm\cnc12directoryrenamer\com.frogman650.app.h (header)
[Sun Aug 24 20:28:48 EDT 2025][INFO] [SUB]  C:\Users\Lucas\Desktop\CNC12DirectoryRenamer\target\gluonfx\x86_64-windows\gvm\cnc12directoryrenamer\graal_isolate.h (header)
[Sun Aug 24 20:28:48 EDT 2025][INFO] [SUB]  C:\Users\Lucas\Desktop\CNC12DirectoryRenamer\target\gluonfx\x86_64-windows\gvm\cnc12directoryrenamer\com.frogman650.app_dynamic.h (header)
[Sun Aug 24 20:28:48 EDT 2025][INFO] [SUB]  C:\Users\Lucas\Desktop\CNC12DirectoryRenamer\target\gluonfx\x86_64-windows\gvm\cnc12directoryrenamer\graal_isolate_dynamic.h (header)
[Sun Aug 24 20:28:48 EDT 2025][INFO] [SUB]  C:\Users\Lucas\Desktop\CNC12DirectoryRenamer\target\gluonfx\x86_64-windows\gvm\cnc12directoryrenamer\com.frogman650.app.build_artifacts.txt
[Sun Aug 24 20:28:48 EDT 2025][INFO] [SUB] ========================================================================================================================
[Sun Aug 24 20:28:48 EDT 2025][INFO] [SUB] Finished generating 'com.frogman650.app' in 1m 27s.
[Sun Aug 24 20:28:49 EDT 2025][FINE] Result for compile: 0
[Sun Aug 24 20:28:49 EDT 2025][FINE] Logging process [compile] to file: C:\Users\Lucas\Desktop\CNC12DirectoryRenamer\target\gluonfx\log\process-compile-1756081729717.log
[Sun Aug 24 20:28:49 EDT 2025][FINE] PB Command for check version: C:\graalvm-svm-java17-windows-gluon-22.1.0.1-Final\graalvm-svm-java17-windows-gluon-22.1.0.1-Final\bin\java -version
[Sun Aug 24 20:28:49 EDT 2025][FINE] Start process check version...
[Sun Aug 24 20:28:49 EDT 2025][FINE] [SUB] openjdk version "17.0.3" 2022-04-19
[Sun Aug 24 20:28:49 EDT 2025][FINE] [SUB] OpenJDK Runtime Environment GraalVM 22.1.0.1 (build 17.0.3+7-jvmci-22.1-b06)
[Sun Aug 24 20:28:49 EDT 2025][FINE] [SUB] OpenJDK 64-Bit Server VM GraalVM 22.1.0.1 (build 17.0.3+7-jvmci-22.1-b06, mixed mode, sharing)
[Sun Aug 24 20:28:49 EDT 2025][FINE] Result for check version: 0
